Using pre-set license

 COMMAND LINE ARGUMENTS:
/Applications/Unity/Hub/Editor/2020.3.2f1/Unity.app/Contents/MacOS/Unity
-adb2
-batchMode
-noUpm
-name
AssetImportWorker0
-projectPath
/Users/sprucecampbell/Documents/BoidsGO
-logFile
Logs/AssetImportWorker0.log
-srvPort
52525
Successfully changed project path to: /Users/sprucecampbell/Documents/BoidsGO
/Users/sprucecampbell/Documents/BoidsGO
Using Asset Import Pipeline V2.
Refreshing native plugins compatible for Editor in 47.92 ms, found 1 plugins.
Preloading 0 native plugins for Editor in 0.00 ms.
Initialize engine version: 2020.3.2f1 (8fd9074bf66c)
[Subsystems] Discovering subsystems at path /Applications/Unity/Hub/Editor/2020.3.2f1/Unity.app/Contents/Resources/UnitySubsystems
[Subsystems] Discovering subsystems at path /Users/sprucecampbell/Documents/BoidsGO/Assets
GfxDevice: creating device client; threaded=0
2021-10-31 00:38:47.545 Unity[7994:292430] Dell AW3418DW preferred device: AMD Radeon Pro 580 (high power, removable)
2021-10-31 00:38:47.545 Unity[7994:292430] Metal devices available: 3
2021-10-31 00:38:47.545 Unity[7994:292430] 0: AMD Radeon Pro 580 (high power, removable)
2021-10-31 00:38:47.545 Unity[7994:292430] 1: AMD Radeon Pro 560X (high power)
2021-10-31 00:38:47.545 Unity[7994:292430] 2: Intel(R) UHD Graphics 630 (low power)
2021-10-31 00:38:47.545 Unity[7994:292430] Using device AMD Radeon Pro 580 (high power, removable)
Initializing Metal device caps: AMD Radeon Pro 580
Shader 'Universal Render Pipeline/Particles/Lit': fallback shader 'Universal Render Pipeline/Particles/SimpleLit' not found
Initialize mono
Mono path[0] = '/Applications/Unity/Hub/Editor/2020.3.2f1/Unity.app/Contents/Managed'
Mono path[1] = '/Applications/Unity/Hub/Editor/2020.3.2f1/Unity.app/Contents/MonoBleedingEdge/lib/mono/unityjit'
Mono config path = '/Applications/Unity/Hub/Editor/2020.3.2f1/Unity.app/Contents/MonoBleedingEdge/etc'
Using monoOptions --debugger-agent=transport=dt_socket,embedding=1,server=y,suspend=n,address=127.0.0.1:56994
Begin MonoManager ReloadAssembly
Registering precompiled unity dll's ...
Register platform support module: /Applications/Unity/Hub/Editor/2020.3.2f1/PlaybackEngines/WebGLSupport/UnityEditor.WebGL.Extensions.dll
Register platform support module: /Applications/Unity/Hub/Editor/2020.3.2f1/Unity.app/Contents/PlaybackEngines/MacStandaloneSupport/UnityEditor.OSXStandalone.Extensions.dll
Registered in 0.002645 seconds.
Native extension for OSXStandalone target not found
Native extension for WebGL target not found
Refreshing native plugins compatible for Editor in 43.60 ms, found 1 plugins.
Preloading 0 native plugins for Editor in 0.00 ms.
Invoked RoslynAnalysisRunner static constructor.
RoslynAnalysisRunner will not be running.
RoslynAnalysisRunner has terminated.
Mono: successfully reloaded assembly
- Completed reload, in  1.560 seconds
Platform modules already initialized, skipping
Registering precompiled user dll's ...
Registered in 0.002117 seconds.
Begin MonoManager ReloadAssembly
Native extension for OSXStandalone target not found
Native extension for WebGL target not found
Refreshing native plugins compatible for Editor in 44.35 ms, found 1 plugins.
Preloading 0 native plugins for Editor in 0.00 ms.
Invoked RoslynAnalysisRunner static constructor.
RoslynAnalysisRunner will not be running.
RoslynAnalysisRunner has terminated.
Mono: successfully reloaded assembly
- Completed reload, in  1.013 seconds
Platform modules already initialized, skipping
========================================================================
Worker process is ready to serve import requests
Shader 'Universal Render Pipeline/Particles/Lit': fallback shader 'Universal Render Pipeline/Particles/SimpleLit' not found
Launching external process: /Applications/Unity/Hub/Editor/2020.3.2f1/Unity.app/Contents/Tools/UnityShaderCompiler
Launched and connected shader compiler UnityShaderCompiler after 0.04 seconds
Refreshing native plugins compatible for Editor in 0.44 ms, found 1 plugins.
Preloading 0 native plugins for Editor in 0.00 ms.
Unloading 2501 Unused Serialized files (Serialized files now loaded: 0)
System memory in use before: 212.7 MB.
System memory in use after: 212.9 MB.

Unloading 10 unused Assets to reduce memory usage. Loaded Objects now: 2961.
Total: 2.434509 ms (FindLiveObjects: 0.296826 ms CreateObjectMapping: 0.131405 ms MarkObjects: 1.923103 ms  DeleteObjects: 0.082233 ms)

========================================================================
Received Import Request.
  path: Assets/Grid.jpg
  artifactKey: Guid(f19d5841e5f4e43a4a56bc73a682fce8) Importer(815301076,1909f56bfc062723c751e8b465ee728b)
Start importing Assets/Grid.jpg using Guid(f19d5841e5f4e43a4a56bc73a682fce8) Importer(815301076,1909f56bfc062723c751e8b465ee728b)  -> (artifact id: '0e3d315fee4f58cd32f024cd076e8466') in 1.591580 seconds
  Import took 1.598897 seconds .

========================================================================
Received Import Request.
  Time since last request: 0.000376 seconds.
  path: Assets/triangel.png
  artifactKey: Guid(074ffa17b23584cab98a43976c9ec397) Importer(815301076,1909f56bfc062723c751e8b465ee728b)
Start importing Assets/triangel.png using Guid(074ffa17b23584cab98a43976c9ec397) Importer(815301076,1909f56bfc062723c751e8b465ee728b)  -> (artifact id: '521ecd46b18aadbf3dc9c0c3bd37bcfa') in 1.347098 seconds
  Import took 1.357794 seconds .

========================================================================
Received Import Request.
  Time since last request: 0.000403 seconds.
  path: Assets/NeutralLUT.png
  artifactKey: Guid(7daa59f19dfdf478fa0a466368fc7b87) Importer(815301076,1909f56bfc062723c751e8b465ee728b)
Start importing Assets/NeutralLUT.png using Guid(7daa59f19dfdf478fa0a466368fc7b87) Importer(815301076,1909f56bfc062723c751e8b465ee728b)  -> (artifact id: 'c120e34c7b46a7a791a793c51b10794e') in 0.007725 seconds
  Import took 0.013613 seconds .

========================================================================
Received Import Request.
  Time since last request: 0.000218 seconds.
  path: Assets/skynew.png
  artifactKey: Guid(2c8abca112878406c901d219612340e5) Importer(815301076,1909f56bfc062723c751e8b465ee728b)
Start importing Assets/skynew.png using Guid(2c8abca112878406c901d219612340e5) Importer(815301076,1909f56bfc062723c751e8b465ee728b)  -> (artifact id: 'aec927919d9fe9ede5087c1d8e83663a') in 0.029197 seconds
  Import took 0.034887 seconds .

========================================================================
Received Import Request.
  Time since last request: 0.000218 seconds.
  path: Assets/skypano.png
  artifactKey: Guid(4856ed8ecae8d4ad1847a84e8d7956d8) Importer(815301076,1909f56bfc062723c751e8b465ee728b)
Start importing Assets/skypano.png using Guid(4856ed8ecae8d4ad1847a84e8d7956d8) Importer(815301076,1909f56bfc062723c751e8b465ee728b)  -> (artifact id: '91b89b3448ace3274ecc0df818eecdb1') in 0.016445 seconds
  Import took 0.020485 seconds .

========================================================================
Received Import Request.
  Time since last request: 0.000206 seconds.
  path: Assets/Untitled_Artwork 3.png
  artifactKey: Guid(6a1eb57d45a8f4cae83e8a849ed51755) Importer(815301076,1909f56bfc062723c751e8b465ee728b)
Start importing Assets/Untitled_Artwork 3.png using Guid(6a1eb57d45a8f4cae83e8a849ed51755) Importer(815301076,1909f56bfc062723c751e8b465ee728b)  -> (artifact id: '67854938ca48d0f446b944e6d0cb9494') in 0.016095 seconds
  Import took 0.019879 seconds .

========================================================================
Received Import Request.
  Time since last request: 0.000204 seconds.
  path: Assets/skybox.png
  artifactKey: Guid(75bd898dc7e044071810f234f7be286e) Importer(815301076,1909f56bfc062723c751e8b465ee728b)
Start importing Assets/skybox.png using Guid(75bd898dc7e044071810f234f7be286e) Importer(815301076,1909f56bfc062723c751e8b465ee728b)  -> (artifact id: '2c120145cb4c6ca3d539f0fc8aecf4e0') in 0.013154 seconds
  Import took 0.017742 seconds .

========================================================================
Received Import Request.
  Time since last request: 0.000261 seconds.
  path: Assets/IronBlade.otf
  artifactKey: Guid(bc7be2a9146774a4e9416e48f179257b) Importer(815301076,1909f56bfc062723c751e8b465ee728b)
Start importing Assets/IronBlade.otf using Guid(bc7be2a9146774a4e9416e48f179257b) Importer(815301076,1909f56bfc062723c751e8b465ee728b)  -> (artifact id: '0d647d08e79f43a028666715f7bbaa8e') in 2.389317 seconds
  Import took 2.394222 seconds .

========================================================================
Received Import Request.
  Time since last request: 0.000219 seconds.
  path: Assets/Untitled_Artwork 2.png
  artifactKey: Guid(66675b4e57f9644e8aea7d0b78ad7927) Importer(815301076,1909f56bfc062723c751e8b465ee728b)
Start importing Assets/Untitled_Artwork 2.png using Guid(66675b4e57f9644e8aea7d0b78ad7927) Importer(815301076,1909f56bfc062723c751e8b465ee728b)  -> (artifact id: '43cba59f3925018cf8deb429ec20ccbc') in 0.011379 seconds
  Import took 0.014902 seconds .

========================================================================
Received Import Request.
  Time since last request: 0.000194 seconds.
  path: Assets/handle.png
  artifactKey: Guid(fd12ca14a255641e181522951411481a) Importer(815301076,1909f56bfc062723c751e8b465ee728b)
Start importing Assets/handle.png using Guid(fd12ca14a255641e181522951411481a) Importer(815301076,1909f56bfc062723c751e8b465ee728b)  -> (artifact id: '424c87027b72206e3213046bea4e2269') in 0.007973 seconds
  Import took 0.011440 seconds .

========================================================================
Received Import Request.
  Time since last request: 0.000202 seconds.
  path: Assets/Kurland.otf
  artifactKey: Guid(7de40654a1ae044589b88ab35965aa8f) Importer(815301076,1909f56bfc062723c751e8b465ee728b)
Start importing Assets/Kurland.otf using Guid(7de40654a1ae044589b88ab35965aa8f) Importer(815301076,1909f56bfc062723c751e8b465ee728b)  -> (artifact id: '852010697702c05fcd56d02478d740e9') in 0.009335 seconds
  Import took 0.012612 seconds .

========================================================================
Received Import Request.
  Time since last request: 0.000189 seconds.
  path: Assets/sky.mat
  artifactKey: Guid(e0822678afbcc40feb66f0fdf38d40ae) Importer(815301076,1909f56bfc062723c751e8b465ee728b)
Start importing Assets/sky.mat using Guid(e0822678afbcc40feb66f0fdf38d40ae) Importer(815301076,1909f56bfc062723c751e8b465ee728b)  -> (artifact id: '7f994f9486c6c4b144dbbffae92b34bf') in 0.149151 seconds
  Import took 0.152580 seconds .

========================================================================
Received Import Request.
  Time since last request: 0.000203 seconds.
  path: Assets/Readme.asset
  artifactKey: Guid(83c2ed844a8c74b779a4c823d16594b1) Importer(815301076,1909f56bfc062723c751e8b465ee728b)
Start importing Assets/Readme.asset using Guid(83c2ed844a8c74b779a4c823d16594b1) Importer(815301076,1909f56bfc062723c751e8b465ee728b)  -> (artifact id: '76da366aee205517589073b18f08326b') in 0.098959 seconds
  Import took 0.102835 seconds .

========================================================================
Received Import Request.
  Time since last request: 1.779968 seconds.
  path: Assets/handle.png
  artifactKey: Guid(fd12ca14a255641e181522951411481a) Importer(815301076,1909f56bfc062723c751e8b465ee728b)
Start importing Assets/handle.png using Guid(fd12ca14a255641e181522951411481a) Importer(815301076,1909f56bfc062723c751e8b465ee728b)  -> (artifact id: '424c87027b72206e3213046bea4e2269') in 0.011996 seconds
  Import took 0.015367 seconds .

========================================================================
Received Prepare
Registering precompiled user dll's ...
Registered in 0.000882 seconds.
Begin MonoManager ReloadAssembly
Native extension for OSXStandalone target not found
Native extension for WebGL target not found
Refreshing native plugins compatible for Editor in 0.39 ms, found 1 plugins.
Preloading 0 native plugins for Editor in 0.00 ms.
Invoked RoslynAnalysisRunner static constructor.
RoslynAnalysisRunner will not be running.
RoslynAnalysisRunner has terminated.
Mono: successfully reloaded assembly
- Completed reload, in  0.860 seconds
Platform modules already initialized, skipping
Shader 'Universal Render Pipeline/Particles/Lit': fallback shader 'Universal Render Pipeline/Particles/SimpleLit' not found
Refreshing native plugins compatible for Editor in 0.38 ms, found 1 plugins.
Preloading 0 native plugins for Editor in 0.00 ms.
Unloading 2391 Unused Serialized files (Serialized files now loaded: 0)
System memory in use before: 233.6 MB.
System memory in use after: 233.8 MB.

Unloading 5 unused Assets to reduce memory usage. Loaded Objects now: 3050.
Total: 1.900297 ms (FindLiveObjects: 0.235675 ms CreateObjectMapping: 0.100786 ms MarkObjects: 1.551574 ms  DeleteObjects: 0.011472 ms)

AssetImportWorkerClient::OnTransportError - code=2 error=End of file
